ARM GAS  /tmp/ccGx9v3G.s 			page 1


   1              		.cpu cortex-m7
   2              		.eabi_attribute 28, 1
   3              		.eabi_attribute 20, 1
   4              		.eabi_attribute 21, 1
   5              		.eabi_attribute 23, 3
   6              		.eabi_attribute 24, 1
   7              		.eabi_attribute 25, 1
   8              		.eabi_attribute 26, 1
   9              		.eabi_attribute 30, 1
  10              		.eabi_attribute 34, 1
  11              		.eabi_attribute 18, 4
  12              		.file	"gpio.c"
  13              		.text
  14              	.Ltext0:
  15              		.cfi_sections	.debug_frame
  16              		.section	.text.MX_GPIO_Init,"ax",%progbits
  17              		.align	1
  18              		.global	MX_GPIO_Init
  19              		.arch armv7e-m
  20              		.syntax unified
  21              		.thumb
  22              		.thumb_func
  23              		.fpu fpv5-d16
  25              	MX_GPIO_Init:
  26              	.LFB144:
  27              		.file 1 "Core/Src/gpio.c"
   1:Core/Src/gpio.c **** /* USER CODE BEGIN Header */
   2:Core/Src/gpio.c **** /**
   3:Core/Src/gpio.c ****   ******************************************************************************
   4:Core/Src/gpio.c ****   * @file    gpio.c
   5:Core/Src/gpio.c ****   * @brief   This file provides code for the configuration
   6:Core/Src/gpio.c ****   *          of all used GPIO pins.
   7:Core/Src/gpio.c ****   ******************************************************************************
   8:Core/Src/gpio.c ****   * @attention
   9:Core/Src/gpio.c ****   *
  10:Core/Src/gpio.c ****   * Copyright (c) 2024 STMicroelectronics.
  11:Core/Src/gpio.c ****   * All rights reserved.
  12:Core/Src/gpio.c ****   *
  13:Core/Src/gpio.c ****   * This software is licensed under terms that can be found in the LICENSE file
  14:Core/Src/gpio.c ****   * in the root directory of this software component.
  15:Core/Src/gpio.c ****   * If no LICENSE file comes with this software, it is provided AS-IS.
  16:Core/Src/gpio.c ****   *
  17:Core/Src/gpio.c ****   ******************************************************************************
  18:Core/Src/gpio.c ****   */
  19:Core/Src/gpio.c **** /* USER CODE END Header */
  20:Core/Src/gpio.c **** 
  21:Core/Src/gpio.c **** /* Includes ------------------------------------------------------------------*/
  22:Core/Src/gpio.c **** #include "gpio.h"
  23:Core/Src/gpio.c **** 
  24:Core/Src/gpio.c **** /* USER CODE BEGIN 0 */
  25:Core/Src/gpio.c **** 
  26:Core/Src/gpio.c **** /* USER CODE END 0 */
  27:Core/Src/gpio.c **** 
  28:Core/Src/gpio.c **** /*----------------------------------------------------------------------------*/
  29:Core/Src/gpio.c **** /* Configure GPIO                                                             */
  30:Core/Src/gpio.c **** /*----------------------------------------------------------------------------*/
  31:Core/Src/gpio.c **** /* USER CODE BEGIN 1 */
ARM GAS  /tmp/ccGx9v3G.s 			page 2


  32:Core/Src/gpio.c **** 
  33:Core/Src/gpio.c **** /* USER CODE END 1 */
  34:Core/Src/gpio.c **** 
  35:Core/Src/gpio.c **** /** Configure pins
  36:Core/Src/gpio.c **** */
  37:Core/Src/gpio.c **** void MX_GPIO_Init(void)
  38:Core/Src/gpio.c **** {
  28              		.loc 1 38 1 view -0
  29              		.cfi_startproc
  30              		@ args = 0, pretend = 0, frame = 64
  31              		@ frame_needed = 0, uses_anonymous_args = 0
  32 0000 F0B5     		push	{r4, r5, r6, r7, lr}
  33              	.LCFI0:
  34              		.cfi_def_cfa_offset 20
  35              		.cfi_offset 4, -20
  36              		.cfi_offset 5, -16
  37              		.cfi_offset 6, -12
  38              		.cfi_offset 7, -8
  39              		.cfi_offset 14, -4
  40 0002 91B0     		sub	sp, sp, #68
  41              	.LCFI1:
  42              		.cfi_def_cfa_offset 88
  39:Core/Src/gpio.c **** 
  40:Core/Src/gpio.c ****   GPIO_InitTypeDef GPIO_InitStruct = {0};
  43              		.loc 1 40 3 view .LVU1
  44              		.loc 1 40 20 is_stmt 0 view .LVU2
  45 0004 0024     		movs	r4, #0
  46 0006 0B94     		str	r4, [sp, #44]
  47 0008 0C94     		str	r4, [sp, #48]
  48 000a 0D94     		str	r4, [sp, #52]
  49 000c 0E94     		str	r4, [sp, #56]
  50 000e 0F94     		str	r4, [sp, #60]
  41:Core/Src/gpio.c **** 
  42:Core/Src/gpio.c ****   /* GPIO Ports Clock Enable */
  43:Core/Src/gpio.c ****   __HAL_RCC_GPIOI_CLK_ENABLE();
  51              		.loc 1 43 3 is_stmt 1 view .LVU3
  52              	.LBB2:
  53              		.loc 1 43 3 view .LVU4
  54              		.loc 1 43 3 view .LVU5
  55 0010 754B     		ldr	r3, .L3
  56 0012 D3F8E020 		ldr	r2, [r3, #224]
  57 0016 42F48072 		orr	r2, r2, #256
  58 001a C3F8E020 		str	r2, [r3, #224]
  59              		.loc 1 43 3 view .LVU6
  60 001e D3F8E020 		ldr	r2, [r3, #224]
  61 0022 02F48072 		and	r2, r2, #256
  62 0026 0092     		str	r2, [sp]
  63              		.loc 1 43 3 view .LVU7
  64 0028 009A     		ldr	r2, [sp]
  65              	.LBE2:
  66              		.loc 1 43 3 view .LVU8
  44:Core/Src/gpio.c ****   __HAL_RCC_GPIOB_CLK_ENABLE();
  67              		.loc 1 44 3 view .LVU9
  68              	.LBB3:
  69              		.loc 1 44 3 view .LVU10
  70              		.loc 1 44 3 view .LVU11
  71 002a D3F8E020 		ldr	r2, [r3, #224]
ARM GAS  /tmp/ccGx9v3G.s 			page 3


  72 002e 42F00202 		orr	r2, r2, #2
  73 0032 C3F8E020 		str	r2, [r3, #224]
  74              		.loc 1 44 3 view .LVU12
  75 0036 D3F8E020 		ldr	r2, [r3, #224]
  76 003a 02F00202 		and	r2, r2, #2
  77 003e 0192     		str	r2, [sp, #4]
  78              		.loc 1 44 3 view .LVU13
  79 0040 019A     		ldr	r2, [sp, #4]
  80              	.LBE3:
  81              		.loc 1 44 3 view .LVU14
  45:Core/Src/gpio.c ****   __HAL_RCC_GPIOK_CLK_ENABLE();
  82              		.loc 1 45 3 view .LVU15
  83              	.LBB4:
  84              		.loc 1 45 3 view .LVU16
  85              		.loc 1 45 3 view .LVU17
  86 0042 D3F8E020 		ldr	r2, [r3, #224]
  87 0046 42F48062 		orr	r2, r2, #1024
  88 004a C3F8E020 		str	r2, [r3, #224]
  89              		.loc 1 45 3 view .LVU18
  90 004e D3F8E020 		ldr	r2, [r3, #224]
  91 0052 02F48062 		and	r2, r2, #1024
  92 0056 0292     		str	r2, [sp, #8]
  93              		.loc 1 45 3 view .LVU19
  94 0058 029A     		ldr	r2, [sp, #8]
  95              	.LBE4:
  96              		.loc 1 45 3 view .LVU20
  46:Core/Src/gpio.c ****   __HAL_RCC_GPIOG_CLK_ENABLE();
  97              		.loc 1 46 3 view .LVU21
  98              	.LBB5:
  99              		.loc 1 46 3 view .LVU22
 100              		.loc 1 46 3 view .LVU23
 101 005a D3F8E020 		ldr	r2, [r3, #224]
 102 005e 42F04002 		orr	r2, r2, #64
 103 0062 C3F8E020 		str	r2, [r3, #224]
 104              		.loc 1 46 3 view .LVU24
 105 0066 D3F8E020 		ldr	r2, [r3, #224]
 106 006a 02F04002 		and	r2, r2, #64
 107 006e 0392     		str	r2, [sp, #12]
 108              		.loc 1 46 3 view .LVU25
 109 0070 039A     		ldr	r2, [sp, #12]
 110              	.LBE5:
 111              		.loc 1 46 3 view .LVU26
  47:Core/Src/gpio.c ****   __HAL_RCC_GPIOD_CLK_ENABLE();
 112              		.loc 1 47 3 view .LVU27
 113              	.LBB6:
 114              		.loc 1 47 3 view .LVU28
 115              		.loc 1 47 3 view .LVU29
 116 0072 D3F8E020 		ldr	r2, [r3, #224]
 117 0076 42F00802 		orr	r2, r2, #8
 118 007a C3F8E020 		str	r2, [r3, #224]
 119              		.loc 1 47 3 view .LVU30
 120 007e D3F8E020 		ldr	r2, [r3, #224]
 121 0082 02F00802 		and	r2, r2, #8
 122 0086 0492     		str	r2, [sp, #16]
 123              		.loc 1 47 3 view .LVU31
 124 0088 049A     		ldr	r2, [sp, #16]
 125              	.LBE6:
ARM GAS  /tmp/ccGx9v3G.s 			page 4


 126              		.loc 1 47 3 view .LVU32
  48:Core/Src/gpio.c ****   __HAL_RCC_GPIOC_CLK_ENABLE();
 127              		.loc 1 48 3 view .LVU33
 128              	.LBB7:
 129              		.loc 1 48 3 view .LVU34
 130              		.loc 1 48 3 view .LVU35
 131 008a D3F8E020 		ldr	r2, [r3, #224]
 132 008e 42F00402 		orr	r2, r2, #4
 133 0092 C3F8E020 		str	r2, [r3, #224]
 134              		.loc 1 48 3 view .LVU36
 135 0096 D3F8E020 		ldr	r2, [r3, #224]
 136 009a 02F00402 		and	r2, r2, #4
 137 009e 0592     		str	r2, [sp, #20]
 138              		.loc 1 48 3 view .LVU37
 139 00a0 059A     		ldr	r2, [sp, #20]
 140              	.LBE7:
 141              		.loc 1 48 3 view .LVU38
  49:Core/Src/gpio.c ****   __HAL_RCC_GPIOA_CLK_ENABLE();
 142              		.loc 1 49 3 view .LVU39
 143              	.LBB8:
 144              		.loc 1 49 3 view .LVU40
 145              		.loc 1 49 3 view .LVU41
 146 00a2 D3F8E020 		ldr	r2, [r3, #224]
 147 00a6 42F00102 		orr	r2, r2, #1
 148 00aa C3F8E020 		str	r2, [r3, #224]
 149              		.loc 1 49 3 view .LVU42
 150 00ae D3F8E020 		ldr	r2, [r3, #224]
 151 00b2 02F00102 		and	r2, r2, #1
 152 00b6 0692     		str	r2, [sp, #24]
 153              		.loc 1 49 3 view .LVU43
 154 00b8 069A     		ldr	r2, [sp, #24]
 155              	.LBE8:
 156              		.loc 1 49 3 view .LVU44
  50:Core/Src/gpio.c ****   __HAL_RCC_GPIOE_CLK_ENABLE();
 157              		.loc 1 50 3 view .LVU45
 158              	.LBB9:
 159              		.loc 1 50 3 view .LVU46
 160              		.loc 1 50 3 view .LVU47
 161 00ba D3F8E020 		ldr	r2, [r3, #224]
 162 00be 42F01002 		orr	r2, r2, #16
 163 00c2 C3F8E020 		str	r2, [r3, #224]
 164              		.loc 1 50 3 view .LVU48
 165 00c6 D3F8E020 		ldr	r2, [r3, #224]
 166 00ca 02F01002 		and	r2, r2, #16
 167 00ce 0792     		str	r2, [sp, #28]
 168              		.loc 1 50 3 view .LVU49
 169 00d0 079A     		ldr	r2, [sp, #28]
 170              	.LBE9:
 171              		.loc 1 50 3 view .LVU50
  51:Core/Src/gpio.c ****   __HAL_RCC_GPIOJ_CLK_ENABLE();
 172              		.loc 1 51 3 view .LVU51
 173              	.LBB10:
 174              		.loc 1 51 3 view .LVU52
 175              		.loc 1 51 3 view .LVU53
 176 00d2 D3F8E020 		ldr	r2, [r3, #224]
 177 00d6 42F40072 		orr	r2, r2, #512
 178 00da C3F8E020 		str	r2, [r3, #224]
ARM GAS  /tmp/ccGx9v3G.s 			page 5


 179              		.loc 1 51 3 view .LVU54
 180 00de D3F8E020 		ldr	r2, [r3, #224]
 181 00e2 02F40072 		and	r2, r2, #512
 182 00e6 0892     		str	r2, [sp, #32]
 183              		.loc 1 51 3 view .LVU55
 184 00e8 089A     		ldr	r2, [sp, #32]
 185              	.LBE10:
 186              		.loc 1 51 3 view .LVU56
  52:Core/Src/gpio.c ****   __HAL_RCC_GPIOH_CLK_ENABLE();
 187              		.loc 1 52 3 view .LVU57
 188              	.LBB11:
 189              		.loc 1 52 3 view .LVU58
 190              		.loc 1 52 3 view .LVU59
 191 00ea D3F8E020 		ldr	r2, [r3, #224]
 192 00ee 42F08002 		orr	r2, r2, #128
 193 00f2 C3F8E020 		str	r2, [r3, #224]
 194              		.loc 1 52 3 view .LVU60
 195 00f6 D3F8E020 		ldr	r2, [r3, #224]
 196 00fa 02F08002 		and	r2, r2, #128
 197 00fe 0992     		str	r2, [sp, #36]
 198              		.loc 1 52 3 view .LVU61
 199 0100 099A     		ldr	r2, [sp, #36]
 200              	.LBE11:
 201              		.loc 1 52 3 view .LVU62
  53:Core/Src/gpio.c ****   __HAL_RCC_GPIOF_CLK_ENABLE();
 202              		.loc 1 53 3 view .LVU63
 203              	.LBB12:
 204              		.loc 1 53 3 view .LVU64
 205              		.loc 1 53 3 view .LVU65
 206 0102 D3F8E020 		ldr	r2, [r3, #224]
 207 0106 42F02002 		orr	r2, r2, #32
 208 010a C3F8E020 		str	r2, [r3, #224]
 209              		.loc 1 53 3 view .LVU66
 210 010e D3F8E030 		ldr	r3, [r3, #224]
 211 0112 03F02003 		and	r3, r3, #32
 212 0116 0A93     		str	r3, [sp, #40]
 213              		.loc 1 53 3 view .LVU67
 214 0118 0A9B     		ldr	r3, [sp, #40]
 215              	.LBE12:
 216              		.loc 1 53 3 view .LVU68
  54:Core/Src/gpio.c **** 
  55:Core/Src/gpio.c ****   /*Configure GPIO pin Output Level */
  56:Core/Src/gpio.c ****   HAL_GPIO_WritePin(GPIOG, GPIO_PIN_15, GPIO_PIN_RESET);
 217              		.loc 1 56 3 view .LVU69
 218 011a 344F     		ldr	r7, .L3+4
 219 011c 2246     		mov	r2, r4
 220 011e 4FF40041 		mov	r1, #32768
 221 0122 3846     		mov	r0, r7
 222 0124 FFF7FEFF 		bl	HAL_GPIO_WritePin
 223              	.LVL0:
  57:Core/Src/gpio.c **** 
  58:Core/Src/gpio.c ****   /*Configure GPIO pins : PI6 PI5 PI4 PI1
  59:Core/Src/gpio.c ****                            PI0 PI7 PI2 PI3
  60:Core/Src/gpio.c ****                            PI9 PI8 PI10 PI11
  61:Core/Src/gpio.c ****                            PI12 PI13 PI14 PI15 */
  62:Core/Src/gpio.c ****   GPIO_InitStruct.Pin = GPIO_PIN_6|GPIO_PIN_5|GPIO_PIN_4|GPIO_PIN_1
 224              		.loc 1 62 3 view .LVU70
ARM GAS  /tmp/ccGx9v3G.s 			page 6


 225              		.loc 1 62 23 is_stmt 0 view .LVU71
 226 0128 4FF6FF76 		movw	r6, #65535
 227 012c 0B96     		str	r6, [sp, #44]
  63:Core/Src/gpio.c ****                           |GPIO_PIN_0|GPIO_PIN_7|GPIO_PIN_2|GPIO_PIN_3
  64:Core/Src/gpio.c ****                           |GPIO_PIN_9|GPIO_PIN_8|GPIO_PIN_10|GPIO_PIN_11
  65:Core/Src/gpio.c ****                           |GPIO_PIN_12|GPIO_PIN_13|GPIO_PIN_14|GPIO_PIN_15;
  66:Core/Src/gpio.c ****   GPIO_InitStruct.Mode = GPIO_MODE_ANALOG;
 228              		.loc 1 66 3 is_stmt 1 view .LVU72
 229              		.loc 1 66 24 is_stmt 0 view .LVU73
 230 012e 0325     		movs	r5, #3
 231 0130 0C95     		str	r5, [sp, #48]
  67:Core/Src/gpio.c ****   GPIO_InitStruct.Pull = GPIO_NOPULL;
 232              		.loc 1 67 3 is_stmt 1 view .LVU74
 233              		.loc 1 67 24 is_stmt 0 view .LVU75
 234 0132 0D94     		str	r4, [sp, #52]
  68:Core/Src/gpio.c ****   HAL_GPIO_Init(GPIOI, &GPIO_InitStruct);
 235              		.loc 1 68 3 is_stmt 1 view .LVU76
 236 0134 0BA9     		add	r1, sp, #44
 237 0136 2E48     		ldr	r0, .L3+8
 238 0138 FFF7FEFF 		bl	HAL_GPIO_Init
 239              	.LVL1:
  69:Core/Src/gpio.c **** 
  70:Core/Src/gpio.c ****   /*Configure GPIO pins : PB5 PB6 PB4 PB7
  71:Core/Src/gpio.c ****                            PB3 PB9 PB8 PB10
  72:Core/Src/gpio.c ****                            PB11 PB2 PB1 PB12
  73:Core/Src/gpio.c ****                            PB15 PB0 PB13 PB14 */
  74:Core/Src/gpio.c ****   GPIO_InitStruct.Pin = GPIO_PIN_5|GPIO_PIN_6|GPIO_PIN_4|GPIO_PIN_7
 240              		.loc 1 74 3 view .LVU77
 241              		.loc 1 74 23 is_stmt 0 view .LVU78
 242 013c 0B96     		str	r6, [sp, #44]
  75:Core/Src/gpio.c ****                           |GPIO_PIN_3|GPIO_PIN_9|GPIO_PIN_8|GPIO_PIN_10
  76:Core/Src/gpio.c ****                           |GPIO_PIN_11|GPIO_PIN_2|GPIO_PIN_1|GPIO_PIN_12
  77:Core/Src/gpio.c ****                           |GPIO_PIN_15|GPIO_PIN_0|GPIO_PIN_13|GPIO_PIN_14;
  78:Core/Src/gpio.c ****   GPIO_InitStruct.Mode = GPIO_MODE_ANALOG;
 243              		.loc 1 78 3 is_stmt 1 view .LVU79
 244              		.loc 1 78 24 is_stmt 0 view .LVU80
 245 013e 0C95     		str	r5, [sp, #48]
  79:Core/Src/gpio.c ****   GPIO_InitStruct.Pull = GPIO_NOPULL;
 246              		.loc 1 79 3 is_stmt 1 view .LVU81
 247              		.loc 1 79 24 is_stmt 0 view .LVU82
 248 0140 0D94     		str	r4, [sp, #52]
  80:Core/Src/gpio.c ****   HAL_GPIO_Init(GPIOB, &GPIO_InitStruct);
 249              		.loc 1 80 3 is_stmt 1 view .LVU83
 250 0142 0BA9     		add	r1, sp, #44
 251 0144 2B48     		ldr	r0, .L3+12
 252 0146 FFF7FEFF 		bl	HAL_GPIO_Init
 253              	.LVL2:
  81:Core/Src/gpio.c **** 
  82:Core/Src/gpio.c ****   /*Configure GPIO pins : PK5 PK4 PK6 PK3
  83:Core/Src/gpio.c ****                            PK7 PK2 PK0 PK1 */
  84:Core/Src/gpio.c ****   GPIO_InitStruct.Pin = GPIO_PIN_5|GPIO_PIN_4|GPIO_PIN_6|GPIO_PIN_3
 254              		.loc 1 84 3 view .LVU84
 255              		.loc 1 84 23 is_stmt 0 view .LVU85
 256 014a FF23     		movs	r3, #255
 257 014c 0B93     		str	r3, [sp, #44]
  85:Core/Src/gpio.c ****                           |GPIO_PIN_7|GPIO_PIN_2|GPIO_PIN_0|GPIO_PIN_1;
  86:Core/Src/gpio.c ****   GPIO_InitStruct.Mode = GPIO_MODE_ANALOG;
ARM GAS  /tmp/ccGx9v3G.s 			page 7


 258              		.loc 1 86 3 is_stmt 1 view .LVU86
 259              		.loc 1 86 24 is_stmt 0 view .LVU87
 260 014e 0C95     		str	r5, [sp, #48]
  87:Core/Src/gpio.c ****   GPIO_InitStruct.Pull = GPIO_NOPULL;
 261              		.loc 1 87 3 is_stmt 1 view .LVU88
 262              		.loc 1 87 24 is_stmt 0 view .LVU89
 263 0150 0D94     		str	r4, [sp, #52]
  88:Core/Src/gpio.c ****   HAL_GPIO_Init(GPIOK, &GPIO_InitStruct);
 264              		.loc 1 88 3 is_stmt 1 view .LVU90
 265 0152 0BA9     		add	r1, sp, #44
 266 0154 2848     		ldr	r0, .L3+16
 267 0156 FFF7FEFF 		bl	HAL_GPIO_Init
 268              	.LVL3:
  89:Core/Src/gpio.c **** 
  90:Core/Src/gpio.c ****   /*Configure GPIO pins : PG10 PG9 PG11 PG12
  91:Core/Src/gpio.c ****                            PG14 PG13 PG8 PG7
  92:Core/Src/gpio.c ****                            PG5 PG6 PG4 PG3
  93:Core/Src/gpio.c ****                            PG2 PG0 PG1 */
  94:Core/Src/gpio.c ****   GPIO_InitStruct.Pin = GPIO_PIN_10|GPIO_PIN_9|GPIO_PIN_11|GPIO_PIN_12
 269              		.loc 1 94 3 view .LVU91
 270              		.loc 1 94 23 is_stmt 0 view .LVU92
 271 015a 47F6FF73 		movw	r3, #32767
 272 015e 0B93     		str	r3, [sp, #44]
  95:Core/Src/gpio.c ****                           |GPIO_PIN_14|GPIO_PIN_13|GPIO_PIN_8|GPIO_PIN_7
  96:Core/Src/gpio.c ****                           |GPIO_PIN_5|GPIO_PIN_6|GPIO_PIN_4|GPIO_PIN_3
  97:Core/Src/gpio.c ****                           |GPIO_PIN_2|GPIO_PIN_0|GPIO_PIN_1;
  98:Core/Src/gpio.c ****   GPIO_InitStruct.Mode = GPIO_MODE_ANALOG;
 273              		.loc 1 98 3 is_stmt 1 view .LVU93
 274              		.loc 1 98 24 is_stmt 0 view .LVU94
 275 0160 0C95     		str	r5, [sp, #48]
  99:Core/Src/gpio.c ****   GPIO_InitStruct.Pull = GPIO_NOPULL;
 276              		.loc 1 99 3 is_stmt 1 view .LVU95
 277              		.loc 1 99 24 is_stmt 0 view .LVU96
 278 0162 0D94     		str	r4, [sp, #52]
 100:Core/Src/gpio.c ****   HAL_GPIO_Init(GPIOG, &GPIO_InitStruct);
 279              		.loc 1 100 3 is_stmt 1 view .LVU97
 280 0164 0BA9     		add	r1, sp, #44
 281 0166 3846     		mov	r0, r7
 282 0168 FFF7FEFF 		bl	HAL_GPIO_Init
 283              	.LVL4:
 101:Core/Src/gpio.c **** 
 102:Core/Src/gpio.c ****   /*Configure GPIO pins : PD5 PD4 PD6 PD3
 103:Core/Src/gpio.c ****                            PD7 PD2 PD0 PD1
 104:Core/Src/gpio.c ****                            PD15 PD14 PD11 PD12
 105:Core/Src/gpio.c ****                            PD13 PD10 PD9 PD8 */
 106:Core/Src/gpio.c ****   GPIO_InitStruct.Pin = GPIO_PIN_5|GPIO_PIN_4|GPIO_PIN_6|GPIO_PIN_3
 284              		.loc 1 106 3 view .LVU98
 285              		.loc 1 106 23 is_stmt 0 view .LVU99
 286 016c 0B96     		str	r6, [sp, #44]
 107:Core/Src/gpio.c ****                           |GPIO_PIN_7|GPIO_PIN_2|GPIO_PIN_0|GPIO_PIN_1
 108:Core/Src/gpio.c ****                           |GPIO_PIN_15|GPIO_PIN_14|GPIO_PIN_11|GPIO_PIN_12
 109:Core/Src/gpio.c ****                           |GPIO_PIN_13|GPIO_PIN_10|GPIO_PIN_9|GPIO_PIN_8;
 110:Core/Src/gpio.c ****   GPIO_InitStruct.Mode = GPIO_MODE_ANALOG;
 287              		.loc 1 110 3 is_stmt 1 view .LVU100
 288              		.loc 1 110 24 is_stmt 0 view .LVU101
 289 016e 0C95     		str	r5, [sp, #48]
 111:Core/Src/gpio.c ****   GPIO_InitStruct.Pull = GPIO_NOPULL;
ARM GAS  /tmp/ccGx9v3G.s 			page 8


 290              		.loc 1 111 3 is_stmt 1 view .LVU102
 291              		.loc 1 111 24 is_stmt 0 view .LVU103
 292 0170 0D94     		str	r4, [sp, #52]
 112:Core/Src/gpio.c ****   HAL_GPIO_Init(GPIOD, &GPIO_InitStruct);
 293              		.loc 1 112 3 is_stmt 1 view .LVU104
 294 0172 0BA9     		add	r1, sp, #44
 295 0174 2148     		ldr	r0, .L3+20
 296 0176 FFF7FEFF 		bl	HAL_GPIO_Init
 297              	.LVL5:
 113:Core/Src/gpio.c **** 
 114:Core/Src/gpio.c ****   /*Configure GPIO pins : PC10 PC11 PC15 PC14
 115:Core/Src/gpio.c ****                            PC12 PC13 PC8 PC9
 116:Core/Src/gpio.c ****                            PC7 PC6 PC0 PC1
 117:Core/Src/gpio.c ****                            PC2 PC3 PC4 PC5 */
 118:Core/Src/gpio.c ****   GPIO_InitStruct.Pin = GPIO_PIN_10|GPIO_PIN_11|GPIO_PIN_15|GPIO_PIN_14
 298              		.loc 1 118 3 view .LVU105
 299              		.loc 1 118 23 is_stmt 0 view .LVU106
 300 017a 0B96     		str	r6, [sp, #44]
 119:Core/Src/gpio.c ****                           |GPIO_PIN_12|GPIO_PIN_13|GPIO_PIN_8|GPIO_PIN_9
 120:Core/Src/gpio.c ****                           |GPIO_PIN_7|GPIO_PIN_6|GPIO_PIN_0|GPIO_PIN_1
 121:Core/Src/gpio.c ****                           |GPIO_PIN_2|GPIO_PIN_3|GPIO_PIN_4|GPIO_PIN_5;
 122:Core/Src/gpio.c ****   GPIO_InitStruct.Mode = GPIO_MODE_ANALOG;
 301              		.loc 1 122 3 is_stmt 1 view .LVU107
 302              		.loc 1 122 24 is_stmt 0 view .LVU108
 303 017c 0C95     		str	r5, [sp, #48]
 123:Core/Src/gpio.c ****   GPIO_InitStruct.Pull = GPIO_NOPULL;
 304              		.loc 1 123 3 is_stmt 1 view .LVU109
 305              		.loc 1 123 24 is_stmt 0 view .LVU110
 306 017e 0D94     		str	r4, [sp, #52]
 124:Core/Src/gpio.c ****   HAL_GPIO_Init(GPIOC, &GPIO_InitStruct);
 307              		.loc 1 124 3 is_stmt 1 view .LVU111
 308 0180 0BA9     		add	r1, sp, #44
 309 0182 1F48     		ldr	r0, .L3+24
 310 0184 FFF7FEFF 		bl	HAL_GPIO_Init
 311              	.LVL6:
 125:Core/Src/gpio.c **** 
 126:Core/Src/gpio.c ****   /*Configure GPIO pins : PA15 PA14 PA13 PA10
 127:Core/Src/gpio.c ****                            PA9 PA8 PA12 PA11
 128:Core/Src/gpio.c ****                            PA2 PA1 PA0 PA6
 129:Core/Src/gpio.c ****                            PA7 PA5 PA3 PA4 */
 130:Core/Src/gpio.c ****   GPIO_InitStruct.Pin = GPIO_PIN_15|GPIO_PIN_14|GPIO_PIN_13|GPIO_PIN_10
 312              		.loc 1 130 3 view .LVU112
 313              		.loc 1 130 23 is_stmt 0 view .LVU113
 314 0188 0B96     		str	r6, [sp, #44]
 131:Core/Src/gpio.c ****                           |GPIO_PIN_9|GPIO_PIN_8|GPIO_PIN_12|GPIO_PIN_11
 132:Core/Src/gpio.c ****                           |GPIO_PIN_2|GPIO_PIN_1|GPIO_PIN_0|GPIO_PIN_6
 133:Core/Src/gpio.c ****                           |GPIO_PIN_7|GPIO_PIN_5|GPIO_PIN_3|GPIO_PIN_4;
 134:Core/Src/gpio.c ****   GPIO_InitStruct.Mode = GPIO_MODE_ANALOG;
 315              		.loc 1 134 3 is_stmt 1 view .LVU114
 316              		.loc 1 134 24 is_stmt 0 view .LVU115
 317 018a 0C95     		str	r5, [sp, #48]
 135:Core/Src/gpio.c ****   GPIO_InitStruct.Pull = GPIO_NOPULL;
 318              		.loc 1 135 3 is_stmt 1 view .LVU116
 319              		.loc 1 135 24 is_stmt 0 view .LVU117
 320 018c 0D94     		str	r4, [sp, #52]
 136:Core/Src/gpio.c ****   HAL_GPIO_Init(GPIOA, &GPIO_InitStruct);
 321              		.loc 1 136 3 is_stmt 1 view .LVU118
ARM GAS  /tmp/ccGx9v3G.s 			page 9


 322 018e 0BA9     		add	r1, sp, #44
 323 0190 1C48     		ldr	r0, .L3+28
 324 0192 FFF7FEFF 		bl	HAL_GPIO_Init
 325              	.LVL7:
 137:Core/Src/gpio.c **** 
 138:Core/Src/gpio.c ****   /*Configure GPIO pins : PE1 PE2 PE0 PE5
 139:Core/Src/gpio.c ****                            PE4 PE3 PE6 PE10
 140:Core/Src/gpio.c ****                            PE9 PE11 PE12 PE15
 141:Core/Src/gpio.c ****                            PE8 PE13 PE7 PE14 */
 142:Core/Src/gpio.c ****   GPIO_InitStruct.Pin = GPIO_PIN_1|GPIO_PIN_2|GPIO_PIN_0|GPIO_PIN_5
 326              		.loc 1 142 3 view .LVU119
 327              		.loc 1 142 23 is_stmt 0 view .LVU120
 328 0196 0B96     		str	r6, [sp, #44]
 143:Core/Src/gpio.c ****                           |GPIO_PIN_4|GPIO_PIN_3|GPIO_PIN_6|GPIO_PIN_10
 144:Core/Src/gpio.c ****                           |GPIO_PIN_9|GPIO_PIN_11|GPIO_PIN_12|GPIO_PIN_15
 145:Core/Src/gpio.c ****                           |GPIO_PIN_8|GPIO_PIN_13|GPIO_PIN_7|GPIO_PIN_14;
 146:Core/Src/gpio.c ****   GPIO_InitStruct.Mode = GPIO_MODE_ANALOG;
 329              		.loc 1 146 3 is_stmt 1 view .LVU121
 330              		.loc 1 146 24 is_stmt 0 view .LVU122
 331 0198 0C95     		str	r5, [sp, #48]
 147:Core/Src/gpio.c ****   GPIO_InitStruct.Pull = GPIO_NOPULL;
 332              		.loc 1 147 3 is_stmt 1 view .LVU123
 333              		.loc 1 147 24 is_stmt 0 view .LVU124
 334 019a 0D94     		str	r4, [sp, #52]
 148:Core/Src/gpio.c ****   HAL_GPIO_Init(GPIOE, &GPIO_InitStruct);
 335              		.loc 1 148 3 is_stmt 1 view .LVU125
 336 019c 0BA9     		add	r1, sp, #44
 337 019e 1A48     		ldr	r0, .L3+32
 338 01a0 FFF7FEFF 		bl	HAL_GPIO_Init
 339              	.LVL8:
 149:Core/Src/gpio.c **** 
 150:Core/Src/gpio.c ****   /*Configure GPIO pins : PJ15 PJ14 PJ12 PJ13
 151:Core/Src/gpio.c ****                            PJ11 PJ10 PJ9 PJ0
 152:Core/Src/gpio.c ****                            PJ8 PJ7 PJ6 PJ1
 153:Core/Src/gpio.c ****                            PJ5 PJ2 PJ3 PJ4 */
 154:Core/Src/gpio.c ****   GPIO_InitStruct.Pin = GPIO_PIN_15|GPIO_PIN_14|GPIO_PIN_12|GPIO_PIN_13
 340              		.loc 1 154 3 view .LVU126
 341              		.loc 1 154 23 is_stmt 0 view .LVU127
 342 01a4 0B96     		str	r6, [sp, #44]
 155:Core/Src/gpio.c ****                           |GPIO_PIN_11|GPIO_PIN_10|GPIO_PIN_9|GPIO_PIN_0
 156:Core/Src/gpio.c ****                           |GPIO_PIN_8|GPIO_PIN_7|GPIO_PIN_6|GPIO_PIN_1
 157:Core/Src/gpio.c ****                           |GPIO_PIN_5|GPIO_PIN_2|GPIO_PIN_3|GPIO_PIN_4;
 158:Core/Src/gpio.c ****   GPIO_InitStruct.Mode = GPIO_MODE_ANALOG;
 343              		.loc 1 158 3 is_stmt 1 view .LVU128
 344              		.loc 1 158 24 is_stmt 0 view .LVU129
 345 01a6 0C95     		str	r5, [sp, #48]
 159:Core/Src/gpio.c ****   GPIO_InitStruct.Pull = GPIO_NOPULL;
 346              		.loc 1 159 3 is_stmt 1 view .LVU130
 347              		.loc 1 159 24 is_stmt 0 view .LVU131
 348 01a8 0D94     		str	r4, [sp, #52]
 160:Core/Src/gpio.c ****   HAL_GPIO_Init(GPIOJ, &GPIO_InitStruct);
 349              		.loc 1 160 3 is_stmt 1 view .LVU132
 350 01aa 0BA9     		add	r1, sp, #44
 351 01ac 1748     		ldr	r0, .L3+36
 352 01ae FFF7FEFF 		bl	HAL_GPIO_Init
 353              	.LVL9:
 161:Core/Src/gpio.c **** 
ARM GAS  /tmp/ccGx9v3G.s 			page 10


 162:Core/Src/gpio.c ****   /*Configure GPIO pins : PH15 PH14 PH13 PH1
 163:Core/Src/gpio.c ****                            PH0 PH2 PH3 PH4
 164:Core/Src/gpio.c ****                            PH5 PH10 PH11 PH9
 165:Core/Src/gpio.c ****                            PH12 PH6 PH8 PH7 */
 166:Core/Src/gpio.c ****   GPIO_InitStruct.Pin = GPIO_PIN_15|GPIO_PIN_14|GPIO_PIN_13|GPIO_PIN_1
 354              		.loc 1 166 3 view .LVU133
 355              		.loc 1 166 23 is_stmt 0 view .LVU134
 356 01b2 0B96     		str	r6, [sp, #44]
 167:Core/Src/gpio.c ****                           |GPIO_PIN_0|GPIO_PIN_2|GPIO_PIN_3|GPIO_PIN_4
 168:Core/Src/gpio.c ****                           |GPIO_PIN_5|GPIO_PIN_10|GPIO_PIN_11|GPIO_PIN_9
 169:Core/Src/gpio.c ****                           |GPIO_PIN_12|GPIO_PIN_6|GPIO_PIN_8|GPIO_PIN_7;
 170:Core/Src/gpio.c ****   GPIO_InitStruct.Mode = GPIO_MODE_ANALOG;
 357              		.loc 1 170 3 is_stmt 1 view .LVU135
 358              		.loc 1 170 24 is_stmt 0 view .LVU136
 359 01b4 0C95     		str	r5, [sp, #48]
 171:Core/Src/gpio.c ****   GPIO_InitStruct.Pull = GPIO_NOPULL;
 360              		.loc 1 171 3 is_stmt 1 view .LVU137
 361              		.loc 1 171 24 is_stmt 0 view .LVU138
 362 01b6 0D94     		str	r4, [sp, #52]
 172:Core/Src/gpio.c ****   HAL_GPIO_Init(GPIOH, &GPIO_InitStruct);
 363              		.loc 1 172 3 is_stmt 1 view .LVU139
 364 01b8 0BA9     		add	r1, sp, #44
 365 01ba 1548     		ldr	r0, .L3+40
 366 01bc FFF7FEFF 		bl	HAL_GPIO_Init
 367              	.LVL10:
 173:Core/Src/gpio.c **** 
 174:Core/Src/gpio.c ****   /*Configure GPIO pin : PG15 */
 175:Core/Src/gpio.c ****   GPIO_InitStruct.Pin = GPIO_PIN_15;
 368              		.loc 1 175 3 view .LVU140
 369              		.loc 1 175 23 is_stmt 0 view .LVU141
 370 01c0 4FF40043 		mov	r3, #32768
 371 01c4 0B93     		str	r3, [sp, #44]
 176:Core/Src/gpio.c ****   GPIO_InitStruct.Mode = GPIO_MODE_OUTPUT_PP;
 372              		.loc 1 176 3 is_stmt 1 view .LVU142
 373              		.loc 1 176 24 is_stmt 0 view .LVU143
 374 01c6 0123     		movs	r3, #1
 375 01c8 0C93     		str	r3, [sp, #48]
 177:Core/Src/gpio.c ****   GPIO_InitStruct.Pull = GPIO_NOPULL;
 376              		.loc 1 177 3 is_stmt 1 view .LVU144
 377              		.loc 1 177 24 is_stmt 0 view .LVU145
 378 01ca 0D94     		str	r4, [sp, #52]
 178:Core/Src/gpio.c ****   GPIO_InitStruct.Speed = GPIO_SPEED_FREQ_LOW;
 379              		.loc 1 178 3 is_stmt 1 view .LVU146
 380              		.loc 1 178 25 is_stmt 0 view .LVU147
 381 01cc 0E94     		str	r4, [sp, #56]
 179:Core/Src/gpio.c ****   HAL_GPIO_Init(GPIOG, &GPIO_InitStruct);
 382              		.loc 1 179 3 is_stmt 1 view .LVU148
 383 01ce 0BA9     		add	r1, sp, #44
 384 01d0 3846     		mov	r0, r7
 385 01d2 FFF7FEFF 		bl	HAL_GPIO_Init
 386              	.LVL11:
 180:Core/Src/gpio.c **** 
 181:Core/Src/gpio.c ****   /*Configure GPIO pins : PF2 PF1 PF0 PF3
 182:Core/Src/gpio.c ****                            PF5 PF4 PF6 PF7
 183:Core/Src/gpio.c ****                            PF8 PF10 PF9 PF13
 184:Core/Src/gpio.c ****                            PF14 PF12 PF15 PF11 */
 185:Core/Src/gpio.c ****   GPIO_InitStruct.Pin = GPIO_PIN_2|GPIO_PIN_1|GPIO_PIN_0|GPIO_PIN_3
ARM GAS  /tmp/ccGx9v3G.s 			page 11


 387              		.loc 1 185 3 view .LVU149
 388              		.loc 1 185 23 is_stmt 0 view .LVU150
 389 01d6 0B96     		str	r6, [sp, #44]
 186:Core/Src/gpio.c ****                           |GPIO_PIN_5|GPIO_PIN_4|GPIO_PIN_6|GPIO_PIN_7
 187:Core/Src/gpio.c ****                           |GPIO_PIN_8|GPIO_PIN_10|GPIO_PIN_9|GPIO_PIN_13
 188:Core/Src/gpio.c ****                           |GPIO_PIN_14|GPIO_PIN_12|GPIO_PIN_15|GPIO_PIN_11;
 189:Core/Src/gpio.c ****   GPIO_InitStruct.Mode = GPIO_MODE_ANALOG;
 390              		.loc 1 189 3 is_stmt 1 view .LVU151
 391              		.loc 1 189 24 is_stmt 0 view .LVU152
 392 01d8 0C95     		str	r5, [sp, #48]
 190:Core/Src/gpio.c ****   GPIO_InitStruct.Pull = GPIO_NOPULL;
 393              		.loc 1 190 3 is_stmt 1 view .LVU153
 394              		.loc 1 190 24 is_stmt 0 view .LVU154
 395 01da 0D94     		str	r4, [sp, #52]
 191:Core/Src/gpio.c ****   HAL_GPIO_Init(GPIOF, &GPIO_InitStruct);
 396              		.loc 1 191 3 is_stmt 1 view .LVU155
 397 01dc 0BA9     		add	r1, sp, #44
 398 01de 0D48     		ldr	r0, .L3+44
 399 01e0 FFF7FEFF 		bl	HAL_GPIO_Init
 400              	.LVL12:
 192:Core/Src/gpio.c **** 
 193:Core/Src/gpio.c **** }
 401              		.loc 1 193 1 is_stmt 0 view .LVU156
 402 01e4 11B0     		add	sp, sp, #68
 403              	.LCFI2:
 404              		.cfi_def_cfa_offset 20
 405              		@ sp needed
 406 01e6 F0BD     		pop	{r4, r5, r6, r7, pc}
 407              	.L4:
 408              		.align	2
 409              	.L3:
 410 01e8 00440258 		.word	1476543488
 411 01ec 00180258 		.word	1476532224
 412 01f0 00200258 		.word	1476534272
 413 01f4 00040258 		.word	1476527104
 414 01f8 00280258 		.word	1476536320
 415 01fc 000C0258 		.word	1476529152
 416 0200 00080258 		.word	1476528128
 417 0204 00000258 		.word	1476526080
 418 0208 00100258 		.word	1476530176
 419 020c 00240258 		.word	1476535296
 420 0210 001C0258 		.word	1476533248
 421 0214 00140258 		.word	1476531200
 422              		.cfi_endproc
 423              	.LFE144:
 425              		.text
 426              	.Letext0:
 427              		.file 2 "/usr/lib/gcc/arm-none-eabi/10.3.1/include/stdint.h"
 428              		.file 3 "Drivers/CMSIS/Device/ST/STM32H7xx/Include/stm32h750xx.h"
 429              		.file 4 "Drivers/STM32H7xx_HAL_Driver/Inc/stm32h7xx_hal_gpio.h"
ARM GAS  /tmp/ccGx9v3G.s 			page 12


DEFINED SYMBOLS
                            *ABS*:0000000000000000 gpio.c
     /tmp/ccGx9v3G.s:17     .text.MX_GPIO_Init:0000000000000000 $t
     /tmp/ccGx9v3G.s:25     .text.MX_GPIO_Init:0000000000000000 MX_GPIO_Init
     /tmp/ccGx9v3G.s:410    .text.MX_GPIO_Init:00000000000001e8 $d

UNDEFINED SYMBOLS
HAL_GPIO_WritePin
HAL_GPIO_Init
